\BOOKMARK [0][-]{chapter.1}{Section One}{}% 1
\BOOKMARK [1][-]{section.1.1}{Introduction}{chapter.1}% 2
\BOOKMARK [1][-]{section.1.2}{Problem Background}{chapter.1}% 3
\BOOKMARK [1][-]{section.1.3}{Problem Statement}{chapter.1}% 4
\BOOKMARK [2][-]{subsection.1.3.1}{Privacy and Security}{section.1.3}% 5
\BOOKMARK [2][-]{subsection.1.3.2}{Permission Issues Before Android 6.0}{section.1.3}% 6
\BOOKMARK [2][-]{subsection.1.3.3}{Context of Permission Requests}{section.1.3}% 7
\BOOKMARK [2][-]{subsection.1.3.4}{Problem in Summary}{section.1.3}% 8
\BOOKMARK [1][-]{section.1.4}{Research Question}{chapter.1}% 9
\BOOKMARK [1][-]{section.1.5}{Research Goal}{chapter.1}% 10
\BOOKMARK [1][-]{section.1.6}{Scope and Delimitations}{chapter.1}% 11
\BOOKMARK [1][-]{section.1.7}{Research Approach}{chapter.1}% 12
\BOOKMARK [1][-]{section.1.8}{Project Timeline}{chapter.1}% 13
\BOOKMARK [0][-]{chapter.2}{Section Two}{}% 14
\BOOKMARK [1][-]{section.2.1}{Literature Review}{chapter.2}% 15
\BOOKMARK [2][-]{subsection.2.1.1}{Android Permission Model}{section.2.1}% 16
\BOOKMARK [3][-]{section*.6}{Comparison of Application Approval Process}{subsection.2.1.1}% 17
\BOOKMARK [3][-]{section*.7}{Application Security and Privacy}{subsection.2.1.1}% 18
\BOOKMARK [3][-]{section*.9}{Installing Applications}{subsection.2.1.1}% 19
\BOOKMARK [3][-]{section*.10}{Before Android Marshmallow}{subsection.2.1.1}% 20
\BOOKMARK [3][-]{section*.12}{After Android Marshmallow}{subsection.2.1.1}% 21
\BOOKMARK [2][-]{subsection.2.1.2}{Problems with the existing system}{section.2.1}% 22
\BOOKMARK [3][-]{section*.14}{Least Privilege}{subsection.2.1.2}% 23
\BOOKMARK [3][-]{section*.15}{Capability Leaks}{subsection.2.1.2}% 24
\BOOKMARK [3][-]{section*.16}{Data Availability After Uninstallation}{subsection.2.1.2}% 25
\BOOKMARK [3][-]{section*.17}{Permission Creep}{subsection.2.1.2}% 26
\BOOKMARK [2][-]{subsection.2.1.3}{Proposed Solutions}{section.2.1}% 27
\BOOKMARK [3][-]{section*.18}{Facilitating Informed Decisions}{subsection.2.1.3}% 28
\BOOKMARK [3][-]{section*.19}{Code Analysis to Curb Permission Creep}{subsection.2.1.3}% 29
\BOOKMARK [2][-]{subsection.2.1.4}{Transitivity of Trust}{section.2.1}% 30
\BOOKMARK [3][-]{section*.20}{Defining "Trust"}{subsection.2.1.4}% 31
\BOOKMARK [3][-]{section*.21}{Definition of "Trust" in Computer Science}{subsection.2.1.4}% 32
\BOOKMARK [3][-]{section*.22}{Decentralization of Trust}{subsection.2.1.4}% 33
\BOOKMARK [3][-]{section*.23}{Application of Referral Trust in Other Systems}{subsection.2.1.4}% 34
\BOOKMARK [3][-]{section*.24}{Trust in Peer Networks}{subsection.2.1.4}% 35
\BOOKMARK [3][-]{section*.25}{Example: PageRank as a Web of Trust}{subsection.2.1.4}% 36
\BOOKMARK [1][-]{section.2.2}{Research Design}{chapter.2}% 37
\BOOKMARK [1][-]{section.2.3}{Preliminary Results and Discussion}{chapter.2}% 38
\BOOKMARK [0][-]{chapter*.29}{Appendix 01 - Normal and Dangerous Permissions}{}% 39
\BOOKMARK [1][-]{section*.30}{Normal Permissions}{chapter*.29}% 40
\BOOKMARK [1][-]{section*.30}{Dangerous Permissions}{chapter*.29}% 41
\BOOKMARK [0][-]{chapter*.33}{Appendix 02 - Survey Questions}{}% 42
\BOOKMARK [0][-]{chapter*.33}{References}{}% 43
